/*C18*/SET SCHEMA PUBLIC
CONNECT USER SA
/*C19*/SET SCHEMA PUBLIC
CONNECT USER SA
SET AUTOCOMMIT FALSE
DELETE FROM UTENTI WHERE USERNAME='a'
INSERT INTO UTENTI VALUES('a','a','a','a','a','a@gmail.it','1/6/2010')
SET AUTOCOMMIT TRUE
/*C20*/SET SCHEMA PUBLIC
CONNECT USER SA
/*C21*/SET SCHEMA PUBLIC
CONNECT USER SA
/*C22*/SET SCHEMA PUBLIC
CONNECT USER SA
INSERT INTO LISTEPROD VALUES(24,'Caffe',20,76.0E0)
INSERT INTO ORDINI VALUES(24,'a',76.0E0,'2/6/2010')
/*C23*/SET SCHEMA PUBLIC
CONNECT USER SA
/*C24*/SET SCHEMA PUBLIC
CONNECT USER SA
/*C25*/SET SCHEMA PUBLIC
CONNECT USER SA
